<!DOCTYPE html PUBLIC "-//W3C//DTD XHTML 1.1//EN" "http://www.w3.org/TR/xhtml11/DTD/xhtml11.dtd">
<html xmlns="http://www.w3.org/1999/xhtml"><head><title>TestNG Report</title><style type="text/css">table {margin-bottom:10px;border-collapse:collapse;empty-cells:show}th,td {border:1px solid #009;padding:.25em .5em}th {vertical-align:bottom}td {vertical-align:top}table a {font-weight:bold}.stripe td {background-color: #E6EBF9}.num {text-align:right}.passedodd td {background-color: #3F3}.passedeven td {background-color: #0A0}.skippedodd td {background-color: #DDD}.skippedeven td {background-color: #CCC}.failedodd td,.attn {background-color: #F33}.failedeven td,.stripe .attn {background-color: #D00}.stacktrace {white-space:pre;font-family:monospace}.totop {font-size:85%;text-align:center;border-bottom:2px solid #000}</style></head><body><table><tr><th>Test</th><th># Passed</th><th># Skipped</th><th># Failed</th><th>Time (ms)</th><th>Included Groups</th><th>Excluded Groups</th></tr><tr><th colspan="7">Suite</th></tr><tr><td><a href="#t0">Test</a></td><td class="num">1</td><td class="num">0</td><td class="num">0</td><td class="num">117,689</td><td></td><td></td></tr></table><table><thead><tr><th>Class</th><th>Method</th><th>Start</th><th>Time (ms)</th></tr></thead><tbody><tr><th colspan="4">Suite</th></tr></tbody><tbody id="t0"><tr><th colspan="4">Test &#8212; passed</th></tr><tr class="passedeven"><td rowspan="1">testscripts.Test_Purchase</td><td><a href="#m0">processItemPurchase</a></td><td rowspan="1">1617516208100</td><td rowspan="1">103135</td></tr></tbody></table><h2>Test</h2><h3 id="m0">testscripts.Test_Purchase#processItemPurchase</h3><table class="result"><tr><th>Messages</th></tr><tr><td><div class="messages">Executing method processItemPurchase<br/>Executing method checkVisibilityOfElement<br/>Completing execution of method checkVisibilityOfElement<br/>Executing method clickOnElement<br/>Completing execution of method clickOnElement<br/>Executing method checkVisibilityOfElement<br/>Completing execution of method checkVisibilityOfElement<br/>Executing method clickOnElement<br/>Completing execution of method clickOnElement<br/>Executing method checkVisibilityOfElement<br/>Completing execution of method checkVisibilityOfElement<br/>Executing method clickOnElement<br/>Completing execution of method clickOnElement<br/>Executing method checkVisibilityOfElement<br/>Completing execution of method checkVisibilityOfElement<br/>Executing method clickOnElement<br/>Completing execution of method clickOnElement<br/>Executing method checkVisibilityOfElement<br/>Completing execution of method checkVisibilityOfElement<br/>Executing method clickOnElement<br/>Completing execution of method clickOnElement<br/>Executing method checkVisibilityOfElement<br/>Completing execution of method checkVisibilityOfElement<br/>Executing method clickOnElement<br/>Completing execution of method clickOnElement<br/>Executing method checkVisibilityOfElement<br/>Completing execution of method checkVisibilityOfElement<br/>Executing method clickOnElement<br/>Completing execution of method clickOnElement<br/>Executing method checkVisibilityOfElement<br/>From (checkVisibilityOfElement) Sorry, Because I received an exception while trying to click on element &apos;Cart&apos;, I cannot continue.&lt;br&gt;The system returned: org.openqa.selenium.TimeoutException: Expected condition failed: waiting for visibility of element located by By.xpath: //span[text()=&apos;Cart&apos;] (tried for 20 second(s) with 500 milliseconds interval)<br/>Completing execution of method checkVisibilityOfElement<br/>Executing method checkVisibilityOfElement<br/>Completing execution of method checkVisibilityOfElement<br/>Executing method clickOnElement<br/>Completing execution of method clickOnElement<br/>Executing method fillScreen<br/>Completing execution of method fillScreen<br/>Executing method checkVisibilityOfElement<br/>Completing execution of method checkVisibilityOfElement<br/>Executing method clickOnElement<br/>Completing execution of method clickOnElement<br/>Executing method fillScreen<br/>Completing execution of method fillScreen<br/>Executing method checkEnabilityOfElement<br/>Completing execution of method checkEnabilityOfElement<br/>Executing method checkVisibilityOfElement<br/>Completing execution of method checkVisibilityOfElement<br/>Executing method clickOnElement<br/>Completing execution of method clickOnElement<br/>Executing method checkVisibilityOfElement<br/>From (checkVisibilityOfElement) Sorry, Because I received an exception while trying to click on element &apos;Continue&apos;, I cannot continue.&lt;br&gt;The system returned: org.openqa.selenium.TimeoutException: Expected condition failed: waiting for visibility of element located by By.xpath: //span[@id=&apos;to-payment&apos;]/button (tried for 20 second(s) with 500 milliseconds interval)<br/>Completing execution of method checkVisibilityOfElement<br/>Executing method checkVisibilityOfElement<br/>From (checkVisibilityOfElement) Sorry, Because I received an exception while trying to click on element &apos;NetBanking&apos;, I cannot continue.&lt;br&gt;The system returned: org.openqa.selenium.TimeoutException: Expected condition failed: waiting for visibility of element located by By.xpath: //div[text()=&apos;Net Banking&apos;] (tried for 20 second(s) with 500 milliseconds interval)<br/>Completing execution of method checkVisibilityOfElement</div></td></tr></table><p class="totop"><a href="#summary">back to summary</a></p></body></html>